# JRE version: OpenJDK Runtime Environment Temurin-17.0.7+7 (17.0.7+7) (build 17.0.7+7)
# Java VM: OpenJDK 64-Bit Server VM Temurin-17.0.7+7 (17.0.7+7, mixed mode, sharing, tiered, compressed oops, compressed class ptrs, g1 gc, windows-amd64)
GC Precious Log:
 CPUs: 16 total, 16 available
 Memory: 65459M
 Large Page Support: Disabled
 NUMA Support: Disabled
 Compressed Oops: Enabled (Zero based)
 Heap Region Size: 2M
 Heap Min Capacity: 512M
 Heap Initial Capacity: 512M
 Heap Max Capacity: 4072M
 Pre-touch: Disabled
 Parallel Workers: 13
 Concurrent Workers: 3
 Concurrent Refinement Workers: 13
 Periodic GC: Disabled
 String Deduplication is enabled
Heap:
 garbage-first heap   total 524288K, used 142116K [0x0000000701800000, 0x0000000800000000)
  region size 2048K, 17 young (34816K), 0 survivors (0K)
 Metaspace       used 89246K, committed 90624K, reserved 1179648K
  class space    used 11675K, committed 12224K, reserved 1048576K
GC Heap History (20 events):
Event: 4910.778 GC heap before
{Heap before GC invocations=1266 (full 980):
 garbage-first heap   total 524288K, used 201235K [0x0000000701800000, 0x0000000800000000)
  region size 2048K, 40 young (81920K), 1 survivors (2048K)
 Metaspace       used 89224K, committed 90560K, reserved 1179648K
  class space    used 11675K, committed 12224K, reserved 1048576K
}
Event: 4910.779 GC heap after
{Heap after GC invocations=1267 (full 980):
 garbage-first heap   total 524288K, used 121151K [0x0000000701800000, 0x0000000800000000)
  region size 2048K, 1 young (2048K), 1 survivors (2048K)
 Metaspace       used 89224K, committed 90560K, reserved 1179648K
  class space    used 11675K, committed 12224K, reserved 1048576K
}
Event: 4931.124 GC heap before
{Heap before GC invocations=1267 (full 980):
 garbage-first heap   total 524288K, used 192831K [0x0000000701800000, 0x0000000800000000)
  region size 2048K, 37 young (75776K), 1 survivors (2048K)
 Metaspace       used 89233K, committed 90624K, reserved 1179648K
  class space    used 11675K, committed 12224K, reserved 1048576K
}
Event: 4931.125 GC heap after
{Heap after GC invocations=1268 (full 980):
 garbage-first heap   total 524288K, used 120599K [0x0000000701800000, 0x0000000800000000)
  region size 2048K, 1 young (2048K), 1 survivors (2048K)
 Metaspace       used 89233K, committed 90624K, reserved 1179648K
  class space    used 11675K, committed 12224K, reserved 1048576K
}
Event: 4946.957 GC heap before
{Heap before GC invocations=1268 (full 980):
 garbage-first heap   total 524288K, used 200471K [0x0000000701800000, 0x0000000800000000)
  region size 2048K, 40 young (81920K), 1 survivors (2048K)
 Metaspace       used 89238K, committed 90624K, reserved 1179648K
  class space    used 11675K, committed 12224K, reserved 1048576K
}
Event: 4946.958 GC heap after
{Heap after GC invocations=1269 (full 980):
 garbage-first heap   total 524288K, used 120896K [0x0000000701800000, 0x0000000800000000)
  region size 2048K, 1 young (2048K), 1 survivors (2048K)
 Metaspace       used 89238K, committed 90624K, reserved 1179648K
  class space    used 11675K, committed 12224K, reserved 1048576K
}
Event: 4949.022 GC heap before
{Heap before GC invocations=1269 (full 980):
 garbage-first heap   total 524288K, used 219200K [0x0000000701800000, 0x0000000800000000)
  region size 2048K, 40 young (81920K), 1 survivors (2048K)
 Metaspace       used 89238K, committed 90624K, reserved 1179648K
  class space    used 11675K, committed 12224K, reserved 1048576K
}
Event: 4949.063 GC heap after
{Heap after GC invocations=1270 (full 981):
 garbage-first heap   total 524288K, used 109188K [0x0000000701800000, 0x0000000800000000)
  region size 2048K, 0 young (0K), 0 survivors (0K)
 Metaspace       used 89238K, committed 90624K, reserved 1179648K
  class space    used 11675K, committed 12224K, reserved 1048576K
}
Event: 4949.999 GC heap before
{Heap before GC invocations=1270 (full 981):
 garbage-first heap   total 524288K, used 156292K [0x0000000701800000, 0x0000000800000000)
  region size 2048K, 9 young (18432K), 0 survivors (0K)
 Metaspace       used 89238K, committed 90624K, reserved 1179648K
  class space    used 11675K, committed 12224K, reserved 1048576K
}
Event: 4950.039 GC heap after
{Heap after GC invocations=1271 (full 982):
 garbage-first heap   total 524288K, used 109395K [0x0000000701800000, 0x0000000800000000)
  region size 2048K, 0 young (0K), 0 survivors (0K)
 Metaspace       used 89238K, committed 90624K, reserved 1179648K
  class space    used 11675K, committed 12224K, reserved 1048576K
}
Event: 4950.767 GC heap before
{Heap before GC invocations=1271 (full 982):
 garbage-first heap   total 524288K, used 138067K [0x0000000701800000, 0x0000000800000000)
  region size 2048K, 15 young (30720K), 0 survivors (0K)
 Metaspace       used 89238K, committed 90624K, reserved 1179648K
  class space    used 11675K, committed 12224K, reserved 1048576K
}
Event: 4950.808 GC heap after
{Heap after GC invocations=1272 (full 983):
 garbage-first heap   total 524288K, used 108968K [0x0000000701800000, 0x0000000800000000)
  region size 2048K, 0 young (0K), 0 survivors (0K)
 Metaspace       used 89238K, committed 90624K, reserved 1179648K
  class space    used 11675K, committed 12224K, reserved 1048576K
}
Event: 4951.731 GC heap before
{Heap before GC invocations=1272 (full 983):
 garbage-first heap   total 524288K, used 147880K [0x0000000701800000, 0x0000000800000000)
  region size 2048K, 20 young (40960K), 0 survivors (0K)
 Metaspace       used 89240K, committed 90624K, reserved 1179648K
  class space    used 11675K, committed 12224K, reserved 1048576K
}
Event: 4951.770 GC heap after
{Heap after GC invocations=1273 (full 984):
 garbage-first heap   total 524288K, used 109264K [0x0000000701800000, 0x0000000800000000)
  region size 2048K, 0 young (0K), 0 survivors (0K)
 Metaspace       used 89240K, committed 90624K, reserved 1179648K
  class space    used 11675K, committed 12224K, reserved 1048576K
}
Event: 4953.863 GC heap before
{Heap before GC invocations=1273 (full 984):
 garbage-first heap   total 524288K, used 191184K [0x0000000701800000, 0x0000000800000000)
  region size 2048K, 40 young (81920K), 0 survivors (0K)
 Metaspace       used 89240K, committed 90624K, reserved 1179648K
  class space    used 11675K, committed 12224K, reserved 1048576K
}
Event: 4953.864 GC heap after
{Heap after GC invocations=1274 (full 984):
 garbage-first heap   total 524288K, used 109794K [0x0000000701800000, 0x0000000800000000)
  region size 2048K, 1 young (2048K), 1 survivors (2048K)
 Metaspace       used 89240K, committed 90624K, reserved 1179648K
  class space    used 11675K, committed 12224K, reserved 1048576K
}
Event: 4956.859 GC heap before
{Heap before GC invocations=1274 (full 984):
 garbage-first heap   total 524288K, used 189666K [0x0000000701800000, 0x0000000800000000)
  region size 2048K, 40 young (81920K), 1 survivors (2048K)
 Metaspace       used 89241K, committed 90624K, reserved 1179648K
  class space    used 11675K, committed 12224K, reserved 1048576K
}
Event: 4956.860 GC heap after
{Heap after GC invocations=1275 (full 984):
 garbage-first heap   total 524288K, used 109716K [0x0000000701800000, 0x0000000800000000)
  region size 2048K, 1 young (2048K), 1 survivors (2048K)
 Metaspace       used 89241K, committed 90624K, reserved 1179648K
  class space    used 11675K, committed 12224K, reserved 1048576K
}
Event: 4961.618 GC heap before
{Heap before GC invocations=1275 (full 984):
 garbage-first heap   total 524288K, used 187540K [0x0000000701800000, 0x0000000800000000)
  region size 2048K, 40 young (81920K), 1 survivors (2048K)
 Metaspace       used 89246K, committed 90624K, reserved 1179648K
  class space    used 11675K, committed 12224K, reserved 1048576K
}
Event: 4961.658 GC heap after
{Heap after GC invocations=1276 (full 985):
 garbage-first heap   total 524288K, used 109348K [0x0000000701800000, 0x0000000800000000)
  region size 2048K, 0 young (0K), 0 survivors (0K)
 Metaspace       used 89246K, committed 90624K, reserved 1179648K
  class space    used 11675K, committed 12224K, reserved 1048576K
}

