# JRE version: OpenJDK Runtime Environment Temurin-17.0.7+7 (17.0.7+7) (build 17.0.7+7)
# Java VM: OpenJDK 64-Bit Server VM Temurin-17.0.7+7 (17.0.7+7, mixed mode, sharing, tiered, compressed oops, compressed class ptrs, g1 gc, windows-amd64)
GC Precious Log:
 CPUs: 16 total, 16 available
 Memory: 65459M
 Large Page Support: Disabled
 NUMA Support: Disabled
 Compressed Oops: Enabled (Zero based)
 Heap Region Size: 2M
 Heap Min Capacity: 512M
 Heap Initial Capacity: 512M
 Heap Max Capacity: 4072M
 Pre-touch: Disabled
 Parallel Workers: 13
 Concurrent Workers: 3
 Concurrent Refinement Workers: 13
 Periodic GC: Disabled
 String Deduplication is enabled
Heap:
 garbage-first heap   total 524288K, used 202670K [0x0000000701800000, 0x0000000800000000)
  region size 2048K, 40 young (81920K), 1 survivors (2048K)
 Metaspace       used 85107K, committed 85760K, reserved 1179648K
  class space    used 11580K, committed 11904K, reserved 1048576K
GC Heap History (20 events):
Event: 181.828 GC heap before
{Heap before GC invocations=52 (full 7):
 garbage-first heap   total 524288K, used 138678K [0x0000000701800000, 0x0000000800000000)
  region size 2048K, 8 young (16384K), 0 survivors (0K)
 Metaspace       used 84925K, committed 85568K, reserved 1179648K
  class space    used 11579K, committed 11904K, reserved 1048576K
}
Event: 181.860 GC heap after
{Heap after GC invocations=53 (full 8):
 garbage-first heap   total 524288K, used 124329K [0x0000000701800000, 0x0000000800000000)
  region size 2048K, 0 young (0K), 0 survivors (0K)
 Metaspace       used 84925K, committed 85568K, reserved 1179648K
  class space    used 11579K, committed 11904K, reserved 1048576K
}
Event: 186.324 GC heap before
{Heap before GC invocations=53 (full 8):
 garbage-first heap   total 524288K, used 206249K [0x0000000701800000, 0x0000000800000000)
  region size 2048K, 40 young (81920K), 0 survivors (0K)
 Metaspace       used 84938K, committed 85568K, reserved 1179648K
  class space    used 11579K, committed 11904K, reserved 1048576K
}
Event: 186.324 GC heap after
{Heap after GC invocations=54 (full 8):
 garbage-first heap   total 524288K, used 124499K [0x0000000701800000, 0x0000000800000000)
  region size 2048K, 1 young (2048K), 1 survivors (2048K)
 Metaspace       used 84938K, committed 85568K, reserved 1179648K
  class space    used 11579K, committed 11904K, reserved 1048576K
}
Event: 188.841 GC heap before
{Heap before GC invocations=54 (full 8):
 garbage-first heap   total 524288K, used 204371K [0x0000000701800000, 0x0000000800000000)
  region size 2048K, 40 young (81920K), 1 survivors (2048K)
 Metaspace       used 84949K, committed 85632K, reserved 1179648K
  class space    used 11579K, committed 11904K, reserved 1048576K
}
Event: 188.841 GC heap after
{Heap after GC invocations=55 (full 8):
 garbage-first heap   total 524288K, used 124394K [0x0000000701800000, 0x0000000800000000)
  region size 2048K, 1 young (2048K), 1 survivors (2048K)
 Metaspace       used 84949K, committed 85632K, reserved 1179648K
  class space    used 11579K, committed 11904K, reserved 1048576K
}
Event: 189.829 GC heap before
{Heap before GC invocations=55 (full 8):
 garbage-first heap   total 524288K, used 204266K [0x0000000701800000, 0x0000000800000000)
  region size 2048K, 40 young (81920K), 1 survivors (2048K)
 Metaspace       used 84949K, committed 85632K, reserved 1179648K
  class space    used 11579K, committed 11904K, reserved 1048576K
}
Event: 189.829 GC heap after
{Heap after GC invocations=56 (full 8):
 garbage-first heap   total 524288K, used 124422K [0x0000000701800000, 0x0000000800000000)
  region size 2048K, 1 young (2048K), 1 survivors (2048K)
 Metaspace       used 84949K, committed 85632K, reserved 1179648K
  class space    used 11579K, committed 11904K, reserved 1048576K
}
Event: 191.558 GC heap before
{Heap before GC invocations=56 (full 8):
 garbage-first heap   total 524288K, used 204294K [0x0000000701800000, 0x0000000800000000)
  region size 2048K, 40 young (81920K), 1 survivors (2048K)
 Metaspace       used 84954K, committed 85632K, reserved 1179648K
  class space    used 11579K, committed 11904K, reserved 1048576K
}
Event: 191.559 GC heap after
{Heap after GC invocations=57 (full 8):
 garbage-first heap   total 524288K, used 124428K [0x0000000701800000, 0x0000000800000000)
  region size 2048K, 1 young (2048K), 1 survivors (2048K)
 Metaspace       used 84954K, committed 85632K, reserved 1179648K
  class space    used 11579K, committed 11904K, reserved 1048576K
}
Event: 193.627 GC heap before
{Heap before GC invocations=57 (full 8):
 garbage-first heap   total 524288K, used 204300K [0x0000000701800000, 0x0000000800000000)
  region size 2048K, 40 young (81920K), 1 survivors (2048K)
 Metaspace       used 84974K, committed 85632K, reserved 1179648K
  class space    used 11579K, committed 11904K, reserved 1048576K
}
Event: 193.628 GC heap after
{Heap after GC invocations=58 (full 8):
 garbage-first heap   total 524288K, used 124610K [0x0000000701800000, 0x0000000800000000)
  region size 2048K, 1 young (2048K), 1 survivors (2048K)
 Metaspace       used 84974K, committed 85632K, reserved 1179648K
  class space    used 11579K, committed 11904K, reserved 1048576K
}
Event: 195.367 GC heap before
{Heap before GC invocations=58 (full 8):
 garbage-first heap   total 524288K, used 204482K [0x0000000701800000, 0x0000000800000000)
  region size 2048K, 40 young (81920K), 1 survivors (2048K)
 Metaspace       used 84994K, committed 85632K, reserved 1179648K
  class space    used 11579K, committed 11904K, reserved 1048576K
}
Event: 195.367 GC heap after
{Heap after GC invocations=59 (full 8):
 garbage-first heap   total 524288K, used 124597K [0x0000000701800000, 0x0000000800000000)
  region size 2048K, 1 young (2048K), 1 survivors (2048K)
 Metaspace       used 84994K, committed 85632K, reserved 1179648K
  class space    used 11579K, committed 11904K, reserved 1048576K
}
Event: 196.810 GC heap before
{Heap before GC invocations=59 (full 8):
 garbage-first heap   total 524288K, used 204469K [0x0000000701800000, 0x0000000800000000)
  region size 2048K, 40 young (81920K), 1 survivors (2048K)
 Metaspace       used 85001K, committed 85632K, reserved 1179648K
  class space    used 11579K, committed 11904K, reserved 1048576K
}
Event: 196.811 GC heap after
{Heap after GC invocations=60 (full 8):
 garbage-first heap   total 524288K, used 124628K [0x0000000701800000, 0x0000000800000000)
  region size 2048K, 1 young (2048K), 1 survivors (2048K)
 Metaspace       used 85001K, committed 85632K, reserved 1179648K
  class space    used 11579K, committed 11904K, reserved 1048576K
}
Event: 204.675 GC heap before
{Heap before GC invocations=60 (full 8):
 garbage-first heap   total 524288K, used 204500K [0x0000000701800000, 0x0000000800000000)
  region size 2048K, 40 young (81920K), 1 survivors (2048K)
 Metaspace       used 85068K, committed 85696K, reserved 1179648K
  class space    used 11579K, committed 11904K, reserved 1048576K
}
Event: 204.676 GC heap after
{Heap after GC invocations=61 (full 8):
 garbage-first heap   total 524288K, used 124906K [0x0000000701800000, 0x0000000800000000)
  region size 2048K, 1 young (2048K), 1 survivors (2048K)
 Metaspace       used 85068K, committed 85696K, reserved 1179648K
  class space    used 11579K, committed 11904K, reserved 1048576K
}
Event: 205.775 GC heap before
{Heap before GC invocations=61 (full 8):
 garbage-first heap   total 524288K, used 204778K [0x0000000701800000, 0x0000000800000000)
  region size 2048K, 40 young (81920K), 1 survivors (2048K)
 Metaspace       used 85068K, committed 85696K, reserved 1179648K
  class space    used 11579K, committed 11904K, reserved 1048576K
}
Event: 205.776 GC heap after
{Heap after GC invocations=62 (full 8):
 garbage-first heap   total 524288K, used 124846K [0x0000000701800000, 0x0000000800000000)
  region size 2048K, 1 young (2048K), 1 survivors (2048K)
 Metaspace       used 85068K, committed 85696K, reserved 1179648K
  class space    used 11579K, committed 11904K, reserved 1048576K
}

